<?xml version="1.0" encoding="UTF-8"?>
<testsuite xmlns:xsi="http://www.w3.org/2001/XMLSchema-instance" xsi:noNamespaceSchemaLocation="https://maven.apache.org/surefire/maven-surefire-plugin/xsd/surefire-test-report-3.0.xsd" version="3.0" name="runner.RunCucumber" time="48.208" tests="1" errors="1" skipped="0" failures="0">
  <properties>
    <property name="gopherProxySet" value="false"/>
    <property name="awt.toolkit" value="sun.lwawt.macosx.LWCToolkit"/>
    <property name="file.encoding.pkg" value="sun.io"/>
    <property name="java.specification.version" value="1.8"/>
    <property name="sun.cpu.isalist" value=""/>
    <property name="sun.jnu.encoding" value="UTF-8"/>
    <property name="java.class.path" value="/Users/eduardofinotti/Documents/www/automacao-curso/projetogitiniciante/target/test-classes:/Users/eduardofinotti/Documents/www/automacao-curso/projetogitiniciante/target/classes:/Users/eduardofinotti/.m2/repository/org/seleniumhq/selenium/selenium-java/3.141.59/selenium-java-3.141.59.jar:/Users/eduardofinotti/.m2/repository/org/seleniumhq/selenium/selenium-api/3.141.59/selenium-api-3.141.59.jar:/Users/eduardofinotti/.m2/repository/org/seleniumhq/selenium/selenium-chrome-driver/3.141.59/selenium-chrome-driver-3.141.59.jar:/Users/eduardofinotti/.m2/repository/org/seleniumhq/selenium/selenium-edge-driver/3.141.59/selenium-edge-driver-3.141.59.jar:/Users/eduardofinotti/.m2/repository/org/seleniumhq/selenium/selenium-firefox-driver/3.141.59/selenium-firefox-driver-3.141.59.jar:/Users/eduardofinotti/.m2/repository/org/seleniumhq/selenium/selenium-ie-driver/3.141.59/selenium-ie-driver-3.141.59.jar:/Users/eduardofinotti/.m2/repository/org/seleniumhq/selenium/selenium-opera-driver/3.141.59/selenium-opera-driver-3.141.59.jar:/Users/eduardofinotti/.m2/repository/org/seleniumhq/selenium/selenium-remote-driver/3.141.59/selenium-remote-driver-3.141.59.jar:/Users/eduardofinotti/.m2/repository/org/seleniumhq/selenium/selenium-safari-driver/3.141.59/selenium-safari-driver-3.141.59.jar:/Users/eduardofinotti/.m2/repository/org/seleniumhq/selenium/selenium-support/3.141.59/selenium-support-3.141.59.jar:/Users/eduardofinotti/.m2/repository/net/bytebuddy/byte-buddy/1.8.15/byte-buddy-1.8.15.jar:/Users/eduardofinotti/.m2/repository/org/apache/commons/commons-exec/1.3/commons-exec-1.3.jar:/Users/eduardofinotti/.m2/repository/com/google/guava/guava/25.0-jre/guava-25.0-jre.jar:/Users/eduardofinotti/.m2/repository/com/google/code/findbugs/jsr305/1.3.9/jsr305-1.3.9.jar:/Users/eduardofinotti/.m2/repository/org/checkerframework/checker-compat-qual/2.0.0/checker-compat-qual-2.0.0.jar:/Users/eduardofinotti/.m2/repository/com/google/errorprone/error_prone_annotations/2.1.3/error_prone_annotations-2.1.3.jar:/Users/eduardofinotti/.m2/repository/com/google/j2objc/j2objc-annotations/1.1/j2objc-annotations-1.1.jar:/Users/eduardofinotti/.m2/repository/org/codehaus/mojo/animal-sniffer-annotations/1.14/animal-sniffer-annotations-1.14.jar:/Users/eduardofinotti/.m2/repository/com/squareup/okhttp3/okhttp/3.11.0/okhttp-3.11.0.jar:/Users/eduardofinotti/.m2/repository/com/squareup/okio/okio/1.14.0/okio-1.14.0.jar:/Users/eduardofinotti/.m2/repository/io/cucumber/cucumber-junit/2.3.1/cucumber-junit-2.3.1.jar:/Users/eduardofinotti/.m2/repository/io/cucumber/cucumber-core/2.3.1/cucumber-core-2.3.1.jar:/Users/eduardofinotti/.m2/repository/info/cukes/cucumber-html/0.2.6/cucumber-html-0.2.6.jar:/Users/eduardofinotti/.m2/repository/io/cucumber/cucumber-jvm-deps/1.0.6/cucumber-jvm-deps-1.0.6.jar:/Users/eduardofinotti/.m2/repository/io/cucumber/gherkin/5.0.0/gherkin-5.0.0.jar:/Users/eduardofinotti/.m2/repository/io/cucumber/tag-expressions/1.1.1/tag-expressions-1.1.1.jar:/Users/eduardofinotti/.m2/repository/junit/junit/4.12/junit-4.12.jar:/Users/eduardofinotti/.m2/repository/org/hamcrest/hamcrest-core/1.3/hamcrest-core-1.3.jar:/Users/eduardofinotti/.m2/repository/io/cucumber/cucumber-java/2.3.1/cucumber-java-2.3.1.jar:/Users/eduardofinotti/.m2/repository/com/trivago/rta/cluecumber-report-plugin/1.2.0/cluecumber-report-plugin-1.2.0.jar:/Users/eduardofinotti/.m2/repository/org/apache/maven/maven-plugin-api/3.5.2/maven-plugin-api-3.5.2.jar:/Users/eduardofinotti/.m2/repository/org/apache/maven/maven-model/3.5.2/maven-model-3.5.2.jar:/Users/eduardofinotti/.m2/repository/org/apache/commons/commons-lang3/3.5/commons-lang3-3.5.jar:/Users/eduardofinotti/.m2/repository/org/apache/maven/maven-artifact/3.5.2/maven-artifact-3.5.2.jar:/Users/eduardofinotti/.m2/repository/org/eclipse/sisu/org.eclipse.sisu.plexus/0.3.3/org.eclipse.sisu.plexus-0.3.3.jar:/Users/eduardofinotti/.m2/repository/javax/enterprise/cdi-api/1.0/cdi-api-1.0.jar:/Users/eduardofinotti/.m2/repository/javax/annotation/jsr250-api/1.0/jsr250-api-1.0.jar:/Users/eduardofinotti/.m2/repository/org/eclipse/sisu/org.eclipse.sisu.inject/0.3.3/org.eclipse.sisu.inject-0.3.3.jar:/Users/eduardofinotti/.m2/repository/org/codehaus/plexus/plexus-classworlds/2.5.2/plexus-classworlds-2.5.2.jar:/Users/eduardofinotti/.m2/repository/org/apache/maven/maven-compat/3.5.2/maven-compat-3.5.2.jar:/Users/eduardofinotti/.m2/repository/org/apache/maven/maven-model-builder/3.5.2/maven-model-builder-3.5.2.jar:/Users/eduardofinotti/.m2/repository/org/apache/maven/maven-builder-support/3.5.2/maven-builder-support-3.5.2.jar:/Users/eduardofinotti/.m2/repository/org/apache/maven/maven-settings/3.5.2/maven-settings-3.5.2.jar:/Users/eduardofinotti/.m2/repository/org/apache/maven/maven-settings-builder/3.5.2/maven-settings-builder-3.5.2.jar:/Users/eduardofinotti/.m2/repository/org/sonatype/plexus/plexus-sec-dispatcher/1.4/plexus-sec-dispatcher-1.4.jar:/Users/eduardofinotti/.m2/repository/org/sonatype/plexus/plexus-cipher/1.4/plexus-cipher-1.4.jar:/Users/eduardofinotti/.m2/repository/org/apache/maven/maven-core/3.5.2/maven-core-3.5.2.jar:/Users/eduardofinotti/.m2/repository/org/apache/maven/resolver/maven-resolver-spi/1.1.0/maven-resolver-spi-1.1.0.jar:/Users/eduardofinotti/.m2/repository/org/apache/maven/shared/maven-shared-utils/3.1.0/maven-shared-utils-3.1.0.jar:/Users/eduardofinotti/.m2/repository/commons-io/commons-io/2.5/commons-io-2.5.jar:/Users/eduardofinotti/.m2/repository/com/google/inject/guice/4.0/guice-4.0-no_aop.jar:/Users/eduardofinotti/.m2/repository/aopalliance/aopalliance/1.0/aopalliance-1.0.jar:/Users/eduardofinotti/.m2/repository/javax/inject/javax.inject/1/javax.inject-1.jar:/Users/eduardofinotti/.m2/repository/org/apache/maven/maven-resolver-provider/3.5.2/maven-resolver-provider-3.5.2.jar:/Users/eduardofinotti/.m2/repository/org/apache/maven/maven-repository-metadata/3.5.2/maven-repository-metadata-3.5.2.jar:/Users/eduardofinotti/.m2/repository/org/apache/maven/resolver/maven-resolver-api/1.1.0/maven-resolver-api-1.1.0.jar:/Users/eduardofinotti/.m2/repository/org/apache/maven/resolver/maven-resolver-util/1.1.0/maven-resolver-util-1.1.0.jar:/Users/eduardofinotti/.m2/repository/org/apache/maven/resolver/maven-resolver-impl/1.1.0/maven-resolver-impl-1.1.0.jar:/Users/eduardofinotti/.m2/repository/org/codehaus/plexus/plexus-interpolation/1.24/plexus-interpolation-1.24.jar:/Users/eduardofinotti/.m2/repository/org/codehaus/plexus/plexus-component-annotations/1.7.1/plexus-component-annotations-1.7.1.jar:/Users/eduardofinotti/.m2/repository/org/apache/maven/wagon/wagon-provider-api/2.12/wagon-provider-api-2.12.jar:/Users/eduardofinotti/.m2/repository/com/google/code/gson/gson/2.8.2/gson-2.8.2.jar:/Users/eduardofinotti/.m2/repository/io/gsonfire/gson-fire/1.8.3/gson-fire-1.8.3.jar:/Users/eduardofinotti/.m2/repository/org/freemarker/freemarker/2.3.28/freemarker-2.3.28.jar:/Users/eduardofinotti/.m2/repository/org/codehaus/plexus/plexus-utils/3.1.0/plexus-utils-3.1.0.jar:/Users/eduardofinotti/.m2/repository/org/jsoup/jsoup/1.11.3/jsoup-1.11.3.jar:/Users/eduardofinotti/.m2/repository/uk/com/robust-it/cloning/1.9.10/cloning-1.9.10.jar:/Users/eduardofinotti/.m2/repository/org/objenesis/objenesis/2.6/objenesis-2.6.jar:/Users/eduardofinotti/.m2/repository/org/apache/maven/plugins/maven-surefire-plugin/3.0.0-M5/maven-surefire-plugin-3.0.0-M5.jar:/Users/eduardofinotti/.m2/repository/org/apache/maven/surefire/maven-surefire-common/3.0.0-M5/maven-surefire-common-3.0.0-M5.jar:/Users/eduardofinotti/.m2/repository/org/apache/maven/surefire/surefire-api/3.0.0-M5/surefire-api-3.0.0-M5.jar:/Users/eduardofinotti/.m2/repository/org/apache/maven/surefire/surefire-logger-api/3.0.0-M5/surefire-logger-api-3.0.0-M5.jar:/Users/eduardofinotti/.m2/repository/org/apache/maven/surefire/surefire-extensions-api/3.0.0-M5/surefire-extensions-api-3.0.0-M5.jar:/Users/eduardofinotti/.m2/repository/org/apache/maven/surefire/surefire-booter/3.0.0-M5/surefire-booter-3.0.0-M5.jar:/Users/eduardofinotti/.m2/repository/org/apache/maven/surefire/surefire-extensions-spi/3.0.0-M5/surefire-extensions-spi-3.0.0-M5.jar:/Users/eduardofinotti/.m2/repository/org/apache/maven/maven-toolchain/3.0-alpha-2/maven-toolchain-3.0-alpha-2.jar:/Users/eduardofinotti/.m2/repository/org/apache/maven/shared/maven-artifact-transfer/0.11.0/maven-artifact-transfer-0.11.0.jar:/Users/eduardofinotti/.m2/repository/org/apache/maven/shared/maven-common-artifact-filters/3.0.1/maven-common-artifact-filters-3.0.1.jar:/Users/eduardofinotti/.m2/repository/org/sonatype/sisu/sisu-inject-plexus/1.4.2/sisu-inject-plexus-1.4.2.jar:/Users/eduardofinotti/.m2/repository/org/sonatype/sisu/sisu-inject-bean/1.4.2/sisu-inject-bean-1.4.2.jar:/Users/eduardofinotti/.m2/repository/org/sonatype/sisu/sisu-guice/2.1.7/sisu-guice-2.1.7-noaop.jar:/Users/eduardofinotti/.m2/repository/commons-codec/commons-codec/1.11/commons-codec-1.11.jar:/Users/eduardofinotti/.m2/repository/org/codehaus/plexus/plexus-java/1.0.5/plexus-java-1.0.5.jar:/Users/eduardofinotti/.m2/repository/org/ow2/asm/asm/7.2/asm-7.2.jar:/Users/eduardofinotti/.m2/repository/com/thoughtworks/qdox/qdox/2.0-M9/qdox-2.0-M9.jar:/Users/eduardofinotti/.m2/repository/org/apache/maven/surefire/surefire-shared-utils/3.0.0-M4/surefire-shared-utils-3.0.0-M4.jar:"/>
    <property name="java.vm.vendor" value="Oracle Corporation"/>
    <property name="sun.arch.data.model" value="64"/>
    <property name="java.vendor.url" value="http://java.oracle.com/"/>
    <property name="user.timezone" value=""/>
    <property name="java.vm.specification.version" value="1.8"/>
    <property name="os.name" value="Mac OS X"/>
    <property name="user.country" value="BR"/>
    <property name="sun.java.launcher" value="SUN_STANDARD"/>
    <property name="sun.boot.library.path" value="/Library/Java/JavaVirtualMachines/jdk1.8.0_202.jdk/Contents/Home/jre/lib"/>
    <property name="sun.java.command" value="/Users/eduardofinotti/Documents/www/automacao-curso/projetogitiniciante/target/surefire/surefirebooter3974624497966475385.jar /Users/eduardofinotti/Documents/www/automacao-curso/projetogitiniciante/target/surefire 2022-05-31T19-44-12_006-jvmRun1 surefire3200679356291521676tmp surefire_02028571768474752821tmp"/>
    <property name="http.nonProxyHosts" value="local|*.local|169.254/16|*.169.254/16"/>
    <property name="test" value="RunCucumber"/>
    <property name="surefire.test.class.path" value="/Users/eduardofinotti/Documents/www/automacao-curso/projetogitiniciante/target/test-classes:/Users/eduardofinotti/Documents/www/automacao-curso/projetogitiniciante/target/classes:/Users/eduardofinotti/.m2/repository/org/seleniumhq/selenium/selenium-java/3.141.59/selenium-java-3.141.59.jar:/Users/eduardofinotti/.m2/repository/org/seleniumhq/selenium/selenium-api/3.141.59/selenium-api-3.141.59.jar:/Users/eduardofinotti/.m2/repository/org/seleniumhq/selenium/selenium-chrome-driver/3.141.59/selenium-chrome-driver-3.141.59.jar:/Users/eduardofinotti/.m2/repository/org/seleniumhq/selenium/selenium-edge-driver/3.141.59/selenium-edge-driver-3.141.59.jar:/Users/eduardofinotti/.m2/repository/org/seleniumhq/selenium/selenium-firefox-driver/3.141.59/selenium-firefox-driver-3.141.59.jar:/Users/eduardofinotti/.m2/repository/org/seleniumhq/selenium/selenium-ie-driver/3.141.59/selenium-ie-driver-3.141.59.jar:/Users/eduardofinotti/.m2/repository/org/seleniumhq/selenium/selenium-opera-driver/3.141.59/selenium-opera-driver-3.141.59.jar:/Users/eduardofinotti/.m2/repository/org/seleniumhq/selenium/selenium-remote-driver/3.141.59/selenium-remote-driver-3.141.59.jar:/Users/eduardofinotti/.m2/repository/org/seleniumhq/selenium/selenium-safari-driver/3.141.59/selenium-safari-driver-3.141.59.jar:/Users/eduardofinotti/.m2/repository/org/seleniumhq/selenium/selenium-support/3.141.59/selenium-support-3.141.59.jar:/Users/eduardofinotti/.m2/repository/net/bytebuddy/byte-buddy/1.8.15/byte-buddy-1.8.15.jar:/Users/eduardofinotti/.m2/repository/org/apache/commons/commons-exec/1.3/commons-exec-1.3.jar:/Users/eduardofinotti/.m2/repository/com/google/guava/guava/25.0-jre/guava-25.0-jre.jar:/Users/eduardofinotti/.m2/repository/com/google/code/findbugs/jsr305/1.3.9/jsr305-1.3.9.jar:/Users/eduardofinotti/.m2/repository/org/checkerframework/checker-compat-qual/2.0.0/checker-compat-qual-2.0.0.jar:/Users/eduardofinotti/.m2/repository/com/google/errorprone/error_prone_annotations/2.1.3/error_prone_annotations-2.1.3.jar:/Users/eduardofinotti/.m2/repository/com/google/j2objc/j2objc-annotations/1.1/j2objc-annotations-1.1.jar:/Users/eduardofinotti/.m2/repository/org/codehaus/mojo/animal-sniffer-annotations/1.14/animal-sniffer-annotations-1.14.jar:/Users/eduardofinotti/.m2/repository/com/squareup/okhttp3/okhttp/3.11.0/okhttp-3.11.0.jar:/Users/eduardofinotti/.m2/repository/com/squareup/okio/okio/1.14.0/okio-1.14.0.jar:/Users/eduardofinotti/.m2/repository/io/cucumber/cucumber-junit/2.3.1/cucumber-junit-2.3.1.jar:/Users/eduardofinotti/.m2/repository/io/cucumber/cucumber-core/2.3.1/cucumber-core-2.3.1.jar:/Users/eduardofinotti/.m2/repository/info/cukes/cucumber-html/0.2.6/cucumber-html-0.2.6.jar:/Users/eduardofinotti/.m2/repository/io/cucumber/cucumber-jvm-deps/1.0.6/cucumber-jvm-deps-1.0.6.jar:/Users/eduardofinotti/.m2/repository/io/cucumber/gherkin/5.0.0/gherkin-5.0.0.jar:/Users/eduardofinotti/.m2/repository/io/cucumber/tag-expressions/1.1.1/tag-expressions-1.1.1.jar:/Users/eduardofinotti/.m2/repository/junit/junit/4.12/junit-4.12.jar:/Users/eduardofinotti/.m2/repository/org/hamcrest/hamcrest-core/1.3/hamcrest-core-1.3.jar:/Users/eduardofinotti/.m2/repository/io/cucumber/cucumber-java/2.3.1/cucumber-java-2.3.1.jar:/Users/eduardofinotti/.m2/repository/com/trivago/rta/cluecumber-report-plugin/1.2.0/cluecumber-report-plugin-1.2.0.jar:/Users/eduardofinotti/.m2/repository/org/apache/maven/maven-plugin-api/3.5.2/maven-plugin-api-3.5.2.jar:/Users/eduardofinotti/.m2/repository/org/apache/maven/maven-model/3.5.2/maven-model-3.5.2.jar:/Users/eduardofinotti/.m2/repository/org/apache/commons/commons-lang3/3.5/commons-lang3-3.5.jar:/Users/eduardofinotti/.m2/repository/org/apache/maven/maven-artifact/3.5.2/maven-artifact-3.5.2.jar:/Users/eduardofinotti/.m2/repository/org/eclipse/sisu/org.eclipse.sisu.plexus/0.3.3/org.eclipse.sisu.plexus-0.3.3.jar:/Users/eduardofinotti/.m2/repository/javax/enterprise/cdi-api/1.0/cdi-api-1.0.jar:/Users/eduardofinotti/.m2/repository/javax/annotation/jsr250-api/1.0/jsr250-api-1.0.jar:/Users/eduardofinotti/.m2/repository/org/eclipse/sisu/org.eclipse.sisu.inject/0.3.3/org.eclipse.sisu.inject-0.3.3.jar:/Users/eduardofinotti/.m2/repository/org/codehaus/plexus/plexus-classworlds/2.5.2/plexus-classworlds-2.5.2.jar:/Users/eduardofinotti/.m2/repository/org/apache/maven/maven-compat/3.5.2/maven-compat-3.5.2.jar:/Users/eduardofinotti/.m2/repository/org/apache/maven/maven-model-builder/3.5.2/maven-model-builder-3.5.2.jar:/Users/eduardofinotti/.m2/repository/org/apache/maven/maven-builder-support/3.5.2/maven-builder-support-3.5.2.jar:/Users/eduardofinotti/.m2/repository/org/apache/maven/maven-settings/3.5.2/maven-settings-3.5.2.jar:/Users/eduardofinotti/.m2/repository/org/apache/maven/maven-settings-builder/3.5.2/maven-settings-builder-3.5.2.jar:/Users/eduardofinotti/.m2/repository/org/sonatype/plexus/plexus-sec-dispatcher/1.4/plexus-sec-dispatcher-1.4.jar:/Users/eduardofinotti/.m2/repository/org/sonatype/plexus/plexus-cipher/1.4/plexus-cipher-1.4.jar:/Users/eduardofinotti/.m2/repository/org/apache/maven/maven-core/3.5.2/maven-core-3.5.2.jar:/Users/eduardofinotti/.m2/repository/org/apache/maven/resolver/maven-resolver-spi/1.1.0/maven-resolver-spi-1.1.0.jar:/Users/eduardofinotti/.m2/repository/org/apache/maven/shared/maven-shared-utils/3.1.0/maven-shared-utils-3.1.0.jar:/Users/eduardofinotti/.m2/repository/commons-io/commons-io/2.5/commons-io-2.5.jar:/Users/eduardofinotti/.m2/repository/com/google/inject/guice/4.0/guice-4.0-no_aop.jar:/Users/eduardofinotti/.m2/repository/aopalliance/aopalliance/1.0/aopalliance-1.0.jar:/Users/eduardofinotti/.m2/repository/javax/inject/javax.inject/1/javax.inject-1.jar:/Users/eduardofinotti/.m2/repository/org/apache/maven/maven-resolver-provider/3.5.2/maven-resolver-provider-3.5.2.jar:/Users/eduardofinotti/.m2/repository/org/apache/maven/maven-repository-metadata/3.5.2/maven-repository-metadata-3.5.2.jar:/Users/eduardofinotti/.m2/repository/org/apache/maven/resolver/maven-resolver-api/1.1.0/maven-resolver-api-1.1.0.jar:/Users/eduardofinotti/.m2/repository/org/apache/maven/resolver/maven-resolver-util/1.1.0/maven-resolver-util-1.1.0.jar:/Users/eduardofinotti/.m2/repository/org/apache/maven/resolver/maven-resolver-impl/1.1.0/maven-resolver-impl-1.1.0.jar:/Users/eduardofinotti/.m2/repository/org/codehaus/plexus/plexus-interpolation/1.24/plexus-interpolation-1.24.jar:/Users/eduardofinotti/.m2/repository/org/codehaus/plexus/plexus-component-annotations/1.7.1/plexus-component-annotations-1.7.1.jar:/Users/eduardofinotti/.m2/repository/org/apache/maven/wagon/wagon-provider-api/2.12/wagon-provider-api-2.12.jar:/Users/eduardofinotti/.m2/repository/com/google/code/gson/gson/2.8.2/gson-2.8.2.jar:/Users/eduardofinotti/.m2/repository/io/gsonfire/gson-fire/1.8.3/gson-fire-1.8.3.jar:/Users/eduardofinotti/.m2/repository/org/freemarker/freemarker/2.3.28/freemarker-2.3.28.jar:/Users/eduardofinotti/.m2/repository/org/codehaus/plexus/plexus-utils/3.1.0/plexus-utils-3.1.0.jar:/Users/eduardofinotti/.m2/repository/org/jsoup/jsoup/1.11.3/jsoup-1.11.3.jar:/Users/eduardofinotti/.m2/repository/uk/com/robust-it/cloning/1.9.10/cloning-1.9.10.jar:/Users/eduardofinotti/.m2/repository/org/objenesis/objenesis/2.6/objenesis-2.6.jar:/Users/eduardofinotti/.m2/repository/org/apache/maven/plugins/maven-surefire-plugin/3.0.0-M5/maven-surefire-plugin-3.0.0-M5.jar:/Users/eduardofinotti/.m2/repository/org/apache/maven/surefire/maven-surefire-common/3.0.0-M5/maven-surefire-common-3.0.0-M5.jar:/Users/eduardofinotti/.m2/repository/org/apache/maven/surefire/surefire-api/3.0.0-M5/surefire-api-3.0.0-M5.jar:/Users/eduardofinotti/.m2/repository/org/apache/maven/surefire/surefire-logger-api/3.0.0-M5/surefire-logger-api-3.0.0-M5.jar:/Users/eduardofinotti/.m2/repository/org/apache/maven/surefire/surefire-extensions-api/3.0.0-M5/surefire-extensions-api-3.0.0-M5.jar:/Users/eduardofinotti/.m2/repository/org/apache/maven/surefire/surefire-booter/3.0.0-M5/surefire-booter-3.0.0-M5.jar:/Users/eduardofinotti/.m2/repository/org/apache/maven/surefire/surefire-extensions-spi/3.0.0-M5/surefire-extensions-spi-3.0.0-M5.jar:/Users/eduardofinotti/.m2/repository/org/apache/maven/maven-toolchain/3.0-alpha-2/maven-toolchain-3.0-alpha-2.jar:/Users/eduardofinotti/.m2/repository/org/apache/maven/shared/maven-artifact-transfer/0.11.0/maven-artifact-transfer-0.11.0.jar:/Users/eduardofinotti/.m2/repository/org/apache/maven/shared/maven-common-artifact-filters/3.0.1/maven-common-artifact-filters-3.0.1.jar:/Users/eduardofinotti/.m2/repository/org/sonatype/sisu/sisu-inject-plexus/1.4.2/sisu-inject-plexus-1.4.2.jar:/Users/eduardofinotti/.m2/repository/org/sonatype/sisu/sisu-inject-bean/1.4.2/sisu-inject-bean-1.4.2.jar:/Users/eduardofinotti/.m2/repository/org/sonatype/sisu/sisu-guice/2.1.7/sisu-guice-2.1.7-noaop.jar:/Users/eduardofinotti/.m2/repository/commons-codec/commons-codec/1.11/commons-codec-1.11.jar:/Users/eduardofinotti/.m2/repository/org/codehaus/plexus/plexus-java/1.0.5/plexus-java-1.0.5.jar:/Users/eduardofinotti/.m2/repository/org/ow2/asm/asm/7.2/asm-7.2.jar:/Users/eduardofinotti/.m2/repository/com/thoughtworks/qdox/qdox/2.0-M9/qdox-2.0-M9.jar:/Users/eduardofinotti/.m2/repository/org/apache/maven/surefire/surefire-shared-utils/3.0.0-M4/surefire-shared-utils-3.0.0-M4.jar:"/>
    <property name="sun.cpu.endian" value="little"/>
    <property name="user.home" value="/Users/eduardofinotti"/>
    <property name="user.language" value="pt"/>
    <property name="java.specification.vendor" value="Oracle Corporation"/>
    <property name="java.home" value="/Library/Java/JavaVirtualMachines/jdk1.8.0_202.jdk/Contents/Home/jre"/>
    <property name="basedir" value="/Users/eduardofinotti/Documents/www/automacao-curso/projetogitiniciante"/>
    <property name="file.separator" value="/"/>
    <property name="line.separator" value="&#10;"/>
    <property name="java.vm.specification.vendor" value="Oracle Corporation"/>
    <property name="java.specification.name" value="Java Platform API Specification"/>
    <property name="java.awt.graphicsenv" value="sun.awt.CGraphicsEnvironment"/>
    <property name="surefire.real.class.path" value="/Users/eduardofinotti/Documents/www/automacao-curso/projetogitiniciante/target/surefire/surefirebooter3974624497966475385.jar"/>
    <property name="sun.boot.class.path" value="/Library/Java/JavaVirtualMachines/jdk1.8.0_202.jdk/Contents/Home/jre/lib/resources.jar:/Library/Java/JavaVirtualMachines/jdk1.8.0_202.jdk/Contents/Home/jre/lib/rt.jar:/Library/Java/JavaVirtualMachines/jdk1.8.0_202.jdk/Contents/Home/jre/lib/sunrsasign.jar:/Library/Java/JavaVirtualMachines/jdk1.8.0_202.jdk/Contents/Home/jre/lib/jsse.jar:/Library/Java/JavaVirtualMachines/jdk1.8.0_202.jdk/Contents/Home/jre/lib/jce.jar:/Library/Java/JavaVirtualMachines/jdk1.8.0_202.jdk/Contents/Home/jre/lib/charsets.jar:/Library/Java/JavaVirtualMachines/jdk1.8.0_202.jdk/Contents/Home/jre/lib/jfr.jar:/Library/Java/JavaVirtualMachines/jdk1.8.0_202.jdk/Contents/Home/jre/classes"/>
    <property name="sun.management.compiler" value="HotSpot 64-Bit Tiered Compilers"/>
    <property name="ftp.nonProxyHosts" value="local|*.local|169.254/16|*.169.254/16"/>
    <property name="java.runtime.version" value="1.8.0_202-b08"/>
    <property name="user.name" value="eduardofinotti"/>
    <property name="path.separator" value=":"/>
    <property name="os.version" value="10.16"/>
    <property name="java.endorsed.dirs" value="/Library/Java/JavaVirtualMachines/jdk1.8.0_202.jdk/Contents/Home/jre/lib/endorsed"/>
    <property name="java.runtime.name" value="Java(TM) SE Runtime Environment"/>
    <property name="file.encoding" value="UTF-8"/>
    <property name="browser" value="chrome"/>
    <property name="java.vm.name" value="Java HotSpot(TM) 64-Bit Server VM"/>
    <property name="localRepository" value="/Users/eduardofinotti/.m2/repository"/>
    <property name="java.vendor.url.bug" value="http://bugreport.sun.com/bugreport/"/>
    <property name="java.io.tmpdir" value="/var/folders/x6/bygd80596p1c2z8jljck3l2smsgsxn/T/"/>
    <property name="java.version" value="1.8.0_202"/>
    <property name="user.dir" value="/Users/eduardofinotti/Documents/www/automacao-curso/projetogitiniciante"/>
    <property name="os.arch" value="x86_64"/>
    <property name="java.vm.specification.name" value="Java Virtual Machine Specification"/>
    <property name="java.awt.printerjob" value="sun.lwawt.macosx.CPrinterJob"/>
    <property name="sun.os.patch.level" value="unknown"/>
    <property name="java.library.path" value="/Users/eduardofinotti/Library/Java/Extensions:/Library/Java/Extensions:/Network/Library/Java/Extensions:/System/Library/Java/Extensions:/usr/lib/java:."/>
    <property name="java.vm.info" value="mixed mode"/>
    <property name="java.vendor" value="Oracle Corporation"/>
    <property name="java.vm.version" value="25.202-b08"/>
    <property name="java.ext.dirs" value="/Users/eduardofinotti/Library/Java/Extensions:/Library/Java/JavaVirtualMachines/jdk1.8.0_202.jdk/Contents/Home/jre/lib/ext:/Library/Java/Extensions:/Network/Library/Java/Extensions:/System/Library/Java/Extensions:/usr/lib/java"/>
    <property name="sun.io.unicode.encoding" value="UnicodeBig"/>
    <property name="java.class.version" value="52.0"/>
    <property name="socksNonProxyHosts" value="local|*.local|169.254/16|*.169.254/16"/>
  </properties>
  <testcase name="Login com sucesso" classname="Login" time="47.868">
    <error message="no such element: Unable to locate element: {&quot;method&quot;:&quot;css selector&quot;,&quot;selector&quot;:&quot;.right_list_fix &gt; li &gt; .auhsuahs&quot;}&#10;  (Session info: headless chrome=102.0.5005.61)&#10;For documentation on this error, please visit: https://www.seleniumhq.org/exceptions/no_such_element.html&#10;Build info: version: &apos;3.141.59&apos;, revision: &apos;e82be7d358&apos;, time: &apos;2018-11-14T08:17:03&apos;&#10;System info: host: &apos;MMB033899CPS.local&apos;, ip: &apos;2804:1b2:6241:546b:3060:d19:3e32:8c55%en0&apos;, os.name: &apos;Mac OS X&apos;, os.arch: &apos;x86_64&apos;, os.version: &apos;10.16&apos;, java.version: &apos;1.8.0_202&apos;&#10;Driver info: org.openqa.selenium.chrome.ChromeDriver&#10;Capabilities {acceptInsecureCerts: false, browserName: chrome, browserVersion: 102.0.5005.61, chrome: {chromedriverVersion: 101.0.4951.41 (93c720db8323..., userDataDir: /var/folders/x6/bygd80596p1...}, goog:chromeOptions: {debuggerAddress: localhost:50362}, javascriptEnabled: true, networkConnectionEnabled: false, pageLoadStrategy: normal, platform: MAC, platformName: MAC, proxy: Proxy(), setWindowRect: true, strictFileInteractability: false, timeouts: {implicit: 0, pageLoad: 300000, script: 30000}, unhandledPromptBehavior: dismiss and notify, webauthn:extension:credBlob: true, webauthn:extension:largeBlob: true, webauthn:virtualAuthenticators: true}&#10;Session ID: 4c85f95203c9f815034bd423568ead37&#10;*** Element info: {Using=css selector, value=.right_list_fix &gt; li &gt; .auhsuahs}" type="org.openqa.selenium.NoSuchElementException"><![CDATA[org.openqa.selenium.NoSuchElementException: 
no such element: Unable to locate element: {"method":"css selector","selector":".right_list_fix > li > .auhsuahs"}
  (Session info: headless chrome=102.0.5005.61)
For documentation on this error, please visit: https://www.seleniumhq.org/exceptions/no_such_element.html
Build info: version: '3.141.59', revision: 'e82be7d358', time: '2018-11-14T08:17:03'
System info: host: 'MMB033899CPS.local', ip: '2804:1b2:6241:546b:3060:d19:3e32:8c55%en0', os.name: 'Mac OS X', os.arch: 'x86_64', os.version: '10.16', java.version: '1.8.0_202'
Driver info: org.openqa.selenium.chrome.ChromeDriver
Capabilities {acceptInsecureCerts: false, browserName: chrome, browserVersion: 102.0.5005.61, chrome: {chromedriverVersion: 101.0.4951.41 (93c720db8323..., userDataDir: /var/folders/x6/bygd80596p1...}, goog:chromeOptions: {debuggerAddress: localhost:50362}, javascriptEnabled: true, networkConnectionEnabled: false, pageLoadStrategy: normal, platform: MAC, platformName: MAC, proxy: Proxy(), setWindowRect: true, strictFileInteractability: false, timeouts: {implicit: 0, pageLoad: 300000, script: 30000}, unhandledPromptBehavior: dismiss and notify, webauthn:extension:credBlob: true, webauthn:extension:largeBlob: true, webauthn:virtualAuthenticators: true}
Session ID: 4c85f95203c9f815034bd423568ead37
*** Element info: {Using=css selector, value=.right_list_fix > li > .auhsuahs}
]]></error>
    <system-out><![CDATA[chrome
]]></system-out>
    <system-err><![CDATA[Starting ChromeDriver 101.0.4951.41 (93c720db8323b3ec10d056025ab95c23a31997c9-refs/branch-heads/4951@{#904}) on port 37964
Only local connections are allowed.
Please see https://chromedriver.chromium.org/security-considerations for suggestions on keeping ChromeDriver safe.
ChromeDriver was started successfully.
[1654037053.953][WARNING]: This version of ChromeDriver has not been tested with Chrome version 102.
mai 31, 2022 7:44:14 PM org.openqa.selenium.remote.ProtocolHandshake createSession
INFORMAÇÕES: Detected dialect: W3C
]]></system-err>
  </testcase>
</testsuite>